<?xml version="1.0" encoding="UTF-8"?>
<!-- Generated by org.testng.reporters.JUnitReportReporter -->
<testsuite hostname="FSITL073" name="lucidity.bdd.testbase.TestRunner" tests="1" failures="0" timestamp="2 Mar 2018 08:07:21 GMT" time="34.888" errors="0">
  <testcase name="feature" time="34.888" classname="lucidity.bdd.testbase.TestRunner"/>
</testsuite>
