<?xml version="1.0" encoding="UTF-8"?>
<!-- Generated by org.testng.reporters.JUnitReportReporter -->
<testsuite hostname="Cale.local" name="lucidity.bdd.testbase.TestRunner" tests="1" failures="0" timestamp="13 Mar 2018 22:14:49 GMT" time="41.075" errors="0">
  <testcase name="feature" time="41.075" classname="lucidity.bdd.testbase.TestRunner"/>
</testsuite>
